stdio    D         file_stdio.c:110  file_stdio_fopen                 [   0.00000] opening E:\Users\Thamara\Desktop\Code Blocks arquivos\jogo\bin\Debug\allegro5.cfg r
system   D            wsystem.c:874  _al_win_safe_load_library        [   0.00000] PathFindOnPath found: C:\WINDOWS\system32\shcore.dll
system   D            wsystem.c:780  load_library_at_path             [   0.00000] Calling LoadLibrary C:\WINDOWS\system32\shcore.dll
system   I            wsystem.c:783  load_library_at_path             [   0.00000] Loaded C:\WINDOWS\system32\shcore.dll
system   I             system.c:271  al_install_system                [   0.00000] Allegro version: 5.2.7
system   D            wsystem.c:874  _al_win_safe_load_library        [   0.00024] PathFindOnPath found: C:\WINDOWS\system32\d3d9.dll
system   D            wsystem.c:780  load_library_at_path             [   0.00027] Calling LoadLibrary C:\WINDOWS\system32\d3d9.dll
system   I            wsystem.c:783  load_library_at_path             [   0.00201] Loaded C:\WINDOWS\system32\d3d9.dll
d3d      I         d3d_disp.cpp:684  d3d_init_display                 [   0.01727] Render-to-texture: 1
d3d      I         d3d_disp.cpp:1782 d3d_create_display_locked        [   0.01873] faux_fullscreen=0
d3d      D         d3d_disp.cpp:1783 d3d_create_display_locked        [   0.01876] al_display=0000000000d888b0
d3d      D         d3d_disp.cpp:1784 d3d_create_display_locked        [   0.01877] al_display->vt=0000000000d88740
d3d      I d3d_display_formats.cpp:144  _al_d3d_generate_display_format_list [   0.02568] found 288 format combinations
display  D   display_settings.c:212  debug_display_settings           [   0.02572] color: 32 (rgba 8880), depth: 0, stencil: 0, acc: 0000, samples: 0/0
display  D   display_settings.c:527  _al_score_display_settings       [   0.02574] Score is : 897
display  D   display_settings.c:212  debug_display_settings           [   0.02576] color: 32 (rgba 8880), depth: 0, stencil: 0, acc: 0000, samples: 0/0
display  D   display_settings.c:527  _al_score_display_settings       [   0.02577] Score is : 897
display  D   display_settings.c:212  debug_display_settings           [   0.02579] color: 32 (rgba 8880), depth: 0, stencil: 0, acc: 0000, samples: 2/1
display  D   display_settings.c:527  _al_score_display_settings       [   0.02580] Score is : 726
display  D   display_settings.c:212  debug_display_settings           [   0.02582] color: 32 (rgba 8880), depth: 0, stencil: 0, acc: 0000, samples: 3/1
display  D   display_settings.c:527  _al_score_display_settings       [   0.02583] Score is : 721
display  D   display_settings.c:212  debug_display_settings           [   0.02584] color: 32 (rgba 8880), depth: 0, stencil: 0, acc: 0000, samples: 4/1
display  D   display_settings.c:527  _al_score_display_settings       [   0.02586] Score is : 717
display  D   display_settings.c:212  debug_display_settings           [   0.02587] color: 32 (rgba 8880), depth: 0, stencil: 0, acc: 0000, samples: 5/1
display  D   display_settings.c:527  _al_score_display_settings       [   0.02589] Score is : 715
display  D   display_settings.c:212  debug_display_settings           [   0.02590] color: 32 (rgba 8880), depth: 0, stencil: 0, acc: 0000, samples: 6/1
display  D   display_settings.c:527  _al_score_display_settings       [   0.02591] Score is : 714
display  D   display_settings.c:212  debug_display_settings           [   0.02593] color: 32 (rgba 8880), depth: 0, stencil: 0, acc: 0000, samples: 7/1
display  D   display_settings.c:527  _al_score_display_settings       [   0.02594] Score is : 713
display  D   display_settings.c:212  debug_display_settings           [   0.02595] color: 32 (rgba 8880), depth: 0, stencil: 0, acc: 0000, samples: 8/1
display  D   display_settings.c:527  _al_score_display_settings       [   0.02597] Score is : 712
display  D   display_settings.c:212  debug_display_settings           [   0.02598] color: 32 (rgba 8880), depth: 24, stencil: 8, acc: 0000, samples: 0/0
display  D   display_settings.c:527  _al_score_display_settings       [   0.02600] Score is : 897
display  D   display_settings.c:212  debug_display_settings           [   0.02605] color: 32 (rgba 8880), depth: 24, stencil: 8, acc: 0000, samples: 0/0
display  D   display_settings.c:527  _al_score_display_settings       [   0.02608] Score is : 897
display  D   display_settings.c:212  debug_display_settings           [   0.02609] color: 32 (rgba 8880), depth: 24, stencil: 8, acc: 0000, samples: 2/1
display  D   display_settings.c:527  _al_score_display_settings       [   0.02610] Score is : 726
display  D   display_settings.c:212  debug_display_settings           [   0.02612] color: 32 (rgba 8880), depth: 24, stencil: 8, acc: 0000, samples: 3/1
display  D   display_settings.c:527  _al_score_display_settings       [   0.02613] Score is : 721
display  D   display_settings.c:212  debug_display_settings           [   0.02614] color: 32 (rgba 8880), depth: 24, stencil: 8, acc: 0000, samples: 4/1
display  D   display_settings.c:527  _al_score_display_settings       [   0.02616] Score is : 717
display  D   display_settings.c:212  debug_display_settings           [   0.02617] color: 32 (rgba 8880), depth: 24, stencil: 8, acc: 0000, samples: 5/1
display  D   display_settings.c:527  _al_score_display_settings       [   0.02619] Score is : 715
display  D   display_settings.c:212  debug_display_settings           [   0.02620] color: 32 (rgba 8880), depth: 24, stencil: 8, acc: 0000, samples: 6/1
display  D   display_settings.c:527  _al_score_display_settings       [   0.02622] Score is : 714
display  D   display_settings.c:212  debug_display_settings           [   0.02623] color: 32 (rgba 8880), depth: 24, stencil: 8, acc: 0000, samples: 7/1
display  D   display_settings.c:527  _al_score_display_settings       [   0.02625] Score is : 713
display  D   display_settings.c:212  debug_display_settings           [   0.02626] color: 32 (rgba 8880), depth: 24, stencil: 8, acc: 0000, samples: 8/1
display  D   display_settings.c:527  _al_score_display_settings       [   0.02627] Score is : 712
display  D   display_settings.c:212  debug_display_settings           [   0.02629] color: 32 (rgba 8880), depth: 24, stencil: 0, acc: 0000, samples: 0/0
display  D   display_settings.c:527  _al_score_display_settings       [   0.02630] Score is : 897
display  D   display_settings.c:212  debug_display_settings           [   0.02632] color: 32 (rgba 8880), depth: 24, stencil: 0, acc: 0000, samples: 0/0
display  D   display_settings.c:527  _al_score_display_settings       [   0.02633] Score is : 897
display  D   display_settings.c:212  debug_display_settings           [   0.02634] color: 32 (rgba 8880), depth: 24, stencil: 0, acc: 0000, samples: 2/1
display  D   display_settings.c:527  _al_score_display_settings       [   0.02636] Score is : 726
display  D   display_settings.c:212  debug_display_settings           [   0.02637] color: 32 (rgba 8880), depth: 24, stencil: 0, acc: 0000, samples: 3/1
display  D   display_settings.c:527  _al_score_display_settings       [   0.02639] Score is : 721
display  D   display_settings.c:212  debug_display_settings           [   0.02640] color: 32 (rgba 8880), depth: 24, stencil: 0, acc: 0000, samples: 4/1
display  D   display_settings.c:527  _al_score_display_settings       [   0.02641] Score is : 717
display  D   display_settings.c:212  debug_display_settings           [   0.02643] color: 32 (rgba 8880), depth: 24, stencil: 0, acc: 0000, samples: 5/1
display  D   display_settings.c:527  _al_score_display_settings       [   0.02644] Score is : 715
display  D   display_settings.c:212  debug_display_settings           [   0.02645] color: 32 (rgba 8880), depth: 24, stencil: 0, acc: 0000, samples: 6/1
display  D   display_settings.c:527  _al_score_display_settings       [   0.02647] Score is : 714
display  D   display_settings.c:212  debug_display_settings           [   0.02648] color: 32 (rgba 8880), depth: 24, stencil: 0, acc: 0000, samples: 7/1
display  D   display_settings.c:527  _al_score_display_settings       [   0.02650] Score is : 713
display  D   display_settings.c:212  debug_display_settings           [   0.02651] color: 32 (rgba 8880), depth: 24, stencil: 0, acc: 0000, samples: 8/1
display  D   display_settings.c:527  _al_score_display_settings       [   0.02653] Score is : 712
display  D   display_settings.c:212  debug_display_settings           [   0.02654] color: 32 (rgba 8880), depth: 16, stencil: 0, acc: 0000, samples: 0/0
display  D   display_settings.c:527  _al_score_display_settings       [   0.02656] Score is : 897
display  D   display_settings.c:212  debug_display_settings           [   0.02657] color: 32 (rgba 8880), depth: 16, stencil: 0, acc: 0000, samples: 0/0
display  D   display_settings.c:527  _al_score_display_settings       [   0.02658] Score is : 897
display  D   display_settings.c:212  debug_display_settings           [   0.02660] color: 32 (rgba 8880), depth: 16, stencil: 0, acc: 0000, samples: 2/1
display  D   display_settings.c:527  _al_score_display_settings       [   0.02661] Score is : 726
display  D   display_settings.c:212  debug_display_settings           [   0.02663] color: 32 (rgba 8880), depth: 16, stencil: 0, acc: 0000, samples: 3/1
display  D   display_settings.c:527  _al_score_display_settings       [   0.02664] Score is : 721
display  D   display_settings.c:212  debug_display_settings           [   0.02665] color: 32 (rgba 8880), depth: 16, stencil: 0, acc: 0000, samples: 4/1
display  D   display_settings.c:527  _al_score_display_settings       [   0.02667] Score is : 717
display  D   display_settings.c:212  debug_display_settings           [   0.02668] color: 32 (rgba 8880), depth: 16, stencil: 0, acc: 0000, samples: 5/1
display  D   display_settings.c:527  _al_score_display_settings       [   0.02670] Score is : 715
display  D   display_settings.c:212  debug_display_settings           [   0.02671] color: 32 (rgba 8880), depth: 16, stencil: 0, acc: 0000, samples: 6/1
display  D   display_settings.c:527  _al_score_display_settings       [   0.02672] Score is : 714
display  D   display_settings.c:212  debug_display_settings           [   0.02674] color: 32 (rgba 8880), depth: 16, stencil: 0, acc: 0000, samples: 7/1
display  D   display_settings.c:527  _al_score_display_settings       [   0.02676] Score is : 713
display  D   display_settings.c:212  debug_display_settings           [   0.02677] color: 32 (rgba 8880), depth: 16, stencil: 0, acc: 0000, samples: 8/1
display  D   display_settings.c:527  _al_score_display_settings       [   0.02678] Score is : 712
display  D   display_settings.c:212  debug_display_settings           [   0.02680] color: 16 (rgba 5650), depth: 0, stencil: 0, acc: 0000, samples: 0/0
display  D   display_settings.c:527  _al_score_display_settings       [   0.02681] Score is : 897
display  D   display_settings.c:212  debug_display_settings           [   0.02682] color: 16 (rgba 5650), depth: 0, stencil: 0, acc: 0000, samples: 0/0
display  D   display_settings.c:527  _al_score_display_settings       [   0.02684] Score is : 897
display  D   display_settings.c:212  debug_display_settings           [   0.02685] color: 16 (rgba 5650), depth: 0, stencil: 0, acc: 0000, samples: 2/1
display  D   display_settings.c:527  _al_score_display_settings       [   0.02687] Score is : 726
display  D   display_settings.c:212  debug_display_settings           [   0.02688] color: 16 (rgba 5650), depth: 0, stencil: 0, acc: 0000, samples: 3/1
display  D   display_settings.c:527  _al_score_display_settings       [   0.02689] Score is : 721
display  D   display_settings.c:212  debug_display_settings           [   0.02691] color: 16 (rgba 5650), depth: 0, stencil: 0, acc: 0000, samples: 4/1
display  D   display_settings.c:527  _al_score_display_settings       [   0.02692] Score is : 717
display  D   display_settings.c:212  debug_display_settings           [   0.02693] color: 16 (rgba 5650), depth: 0, stencil: 0, acc: 0000, samples: 5/1
display  D   display_settings.c:527  _al_score_display_settings       [   0.02695] Score is : 715
display  D   display_settings.c:212  debug_display_settings           [   0.02696] color: 16 (rgba 5650), depth: 0, stencil: 0, acc: 0000, samples: 6/1
display  D   display_settings.c:527  _al_score_display_settings       [   0.02698] Score is : 714
display  D   display_settings.c:212  debug_display_settings           [   0.02699] color: 16 (rgba 5650), depth: 0, stencil: 0, acc: 0000, samples: 7/1
display  D   display_settings.c:527  _al_score_display_settings       [   0.02701] Score is : 713
display  D   display_settings.c:212  debug_display_settings           [   0.02702] color: 16 (rgba 5650), depth: 0, stencil: 0, acc: 0000, samples: 8/1
display  D   display_settings.c:527  _al_score_display_settings       [   0.02703] Score is : 712
display  D   display_settings.c:212  debug_display_settings           [   0.02705] color: 16 (rgba 5650), depth: 24, stencil: 8, acc: 0000, samples: 0/0
display  D   display_settings.c:527  _al_score_display_settings       [   0.02706] Score is : 897
display  D   display_settings.c:212  debug_display_settings           [   0.02707] color: 16 (rgba 5650), depth: 24, stencil: 8, acc: 0000, samples: 0/0
display  D   display_settings.c:527  _al_score_display_settings       [   0.02709] Score is : 897
display  D   display_settings.c:212  debug_display_settings           [   0.02710] color: 16 (rgba 5650), depth: 24, stencil: 8, acc: 0000, samples: 2/1
display  D   display_settings.c:527  _al_score_display_settings       [   0.02712] Score is : 726
display  D   display_settings.c:212  debug_display_settings           [   0.02713] color: 16 (rgba 5650), depth: 24, stencil: 8, acc: 0000, samples: 3/1
display  D   display_settings.c:527  _al_score_display_settings       [   0.02714] Score is : 721
display  D   display_settings.c:212  debug_display_settings           [   0.02716] color: 16 (rgba 5650), depth: 24, stencil: 8, acc: 0000, samples: 4/1
display  D   display_settings.c:527  _al_score_display_settings       [   0.02717] Score is : 717
display  D   display_settings.c:212  debug_display_settings           [   0.02719] color: 16 (rgba 5650), depth: 24, stencil: 8, acc: 0000, samples: 5/1
display  D   display_settings.c:527  _al_score_display_settings       [   0.02720] Score is : 715
display  D   display_settings.c:212  debug_display_settings           [   0.02721] color: 16 (rgba 5650), depth: 24, stencil: 8, acc: 0000, samples: 6/1
display  D   display_settings.c:527  _al_score_display_settings       [   0.02723] Score is : 714
display  D   display_settings.c:212  debug_display_settings           [   0.02724] color: 16 (rgba 5650), depth: 24, stencil: 8, acc: 0000, samples: 7/1
display  D   display_settings.c:527  _al_score_display_settings       [   0.02726] Score is : 713
display  D   display_settings.c:212  debug_display_settings           [   0.02727] color: 16 (rgba 5650), depth: 24, stencil: 8, acc: 0000, samples: 8/1
display  D   display_settings.c:527  _al_score_display_settings       [   0.02729] Score is : 712
display  D   display_settings.c:212  debug_display_settings           [   0.02730] color: 16 (rgba 5650), depth: 24, stencil: 0, acc: 0000, samples: 0/0
display  D   display_settings.c:527  _al_score_display_settings       [   0.02731] Score is : 897
display  D   display_settings.c:212  debug_display_settings           [   0.02733] color: 16 (rgba 5650), depth: 24, stencil: 0, acc: 0000, samples: 0/0
display  D   display_settings.c:527  _al_score_display_settings       [   0.02734] Score is : 897
display  D   display_settings.c:212  debug_display_settings           [   0.02735] color: 16 (rgba 5650), depth: 24, stencil: 0, acc: 0000, samples: 2/1
display  D   display_settings.c:527  _al_score_display_settings       [   0.02737] Score is : 726
display  D   display_settings.c:212  debug_display_settings           [   0.02738] color: 16 (rgba 5650), depth: 24, stencil: 0, acc: 0000, samples: 3/1
display  D   display_settings.c:527  _al_score_display_settings       [   0.02740] Score is : 721
display  D   display_settings.c:212  debug_display_settings           [   0.02741] color: 16 (rgba 5650), depth: 24, stencil: 0, acc: 0000, samples: 4/1
display  D   display_settings.c:527  _al_score_display_settings       [   0.02745] Score is : 717
display  D   display_settings.c:212  debug_display_settings           [   0.02747] color: 16 (rgba 5650), depth: 24, stencil: 0, acc: 0000, samples: 5/1
display  D   display_settings.c:527  _al_score_display_settings       [   0.02748] Score is : 715
display  D   display_settings.c:212  debug_display_settings           [   0.02750] color: 16 (rgba 5650), depth: 24, stencil: 0, acc: 0000, samples: 6/1
display  D   display_settings.c:527  _al_score_display_settings       [   0.02751] Score is : 714
display  D   display_settings.c:212  debug_display_settings           [   0.02752] color: 16 (rgba 5650), depth: 24, stencil: 0, acc: 0000, samples: 7/1
display  D   display_settings.c:527  _al_score_display_settings       [   0.02754] Score is : 713
display  D   display_settings.c:212  debug_display_settings           [   0.02755] color: 16 (rgba 5650), depth: 24, stencil: 0, acc: 0000, samples: 8/1
display  D   display_settings.c:527  _al_score_display_settings       [   0.02757] Score is : 712
display  D   display_settings.c:212  debug_display_settings           [   0.02758] color: 16 (rgba 5650), depth: 16, stencil: 0, acc: 0000, samples: 0/0
display  D   display_settings.c:527  _al_score_display_settings       [   0.02759] Score is : 897
display  D   display_settings.c:212  debug_display_settings           [   0.02761] color: 16 (rgba 5650), depth: 16, stencil: 0, acc: 0000, samples: 0/0
display  D   display_settings.c:527  _al_score_display_settings       [   0.02762] Score is : 897
display  D   display_settings.c:212  debug_display_settings           [   0.02763] color: 16 (rgba 5650), depth: 16, stencil: 0, acc: 0000, samples: 2/1
display  D   display_settings.c:527  _al_score_display_settings       [   0.02765] Score is : 726
display  D   display_settings.c:212  debug_display_settings           [   0.02766] color: 16 (rgba 5650), depth: 16, stencil: 0, acc: 0000, samples: 3/1
display  D   display_settings.c:527  _al_score_display_settings       [   0.02768] Score is : 721
display  D   display_settings.c:212  debug_display_settings           [   0.02769] color: 16 (rgba 5650), depth: 16, stencil: 0, acc: 0000, samples: 4/1
display  D   display_settings.c:527  _al_score_display_settings       [   0.02770] Score is : 717
display  D   display_settings.c:212  debug_display_settings           [   0.02772] color: 16 (rgba 5650), depth: 16, stencil: 0, acc: 0000, samples: 5/1
display  D   display_settings.c:527  _al_score_display_settings       [   0.02773] Score is : 715
display  D   display_settings.c:212  debug_display_settings           [   0.02774] color: 16 (rgba 5650), depth: 16, stencil: 0, acc: 0000, samples: 6/1
display  D   display_settings.c:527  _al_score_display_settings       [   0.02776] Score is : 714
display  D   display_settings.c:212  debug_display_settings           [   0.02777] color: 16 (rgba 5650), depth: 16, stencil: 0, acc: 0000, samples: 7/1
display  D   display_settings.c:527  _al_score_display_settings       [   0.02779] Score is : 713
display  D   display_settings.c:212  debug_display_settings           [   0.02780] color: 16 (rgba 5650), depth: 16, stencil: 0, acc: 0000, samples: 8/1
display  D   display_settings.c:527  _al_score_display_settings       [   0.02781] Score is : 712
display  D   display_settings.c:212  debug_display_settings           [   0.02783] color: 32 (rgba 8880), depth: 0, stencil: 0, acc: 0000, samples: 0/0
display  D   display_settings.c:398  _al_score_display_settings       [   0.02784] Single Buffer requirement not met.
display  D   display_settings.c:212  debug_display_settings           [   0.02786] color: 32 (rgba 8880), depth: 0, stencil: 0, acc: 0000, samples: 0/0
display  D   display_settings.c:398  _al_score_display_settings       [   0.02787] Single Buffer requirement not met.
display  D   display_settings.c:212  debug_display_settings           [   0.02789] color: 32 (rgba 8880), depth: 0, stencil: 0, acc: 0000, samples: 2/1
display  D   display_settings.c:398  _al_score_display_settings       [   0.02790] Single Buffer requirement not met.
display  D   display_settings.c:212  debug_display_settings           [   0.02792] color: 32 (rgba 8880), depth: 0, stencil: 0, acc: 0000, samples: 3/1
display  D   display_settings.c:398  _al_score_display_settings       [   0.02793] Single Buffer requirement not met.
display  D   display_settings.c:212  debug_display_settings           [   0.02795] color: 32 (rgba 8880), depth: 0, stencil: 0, acc: 0000, samples: 4/1
display  D   display_settings.c:398  _al_score_display_settings       [   0.02796] Single Buffer requirement not met.
display  D   display_settings.c:212  debug_display_settings           [   0.02797] color: 32 (rgba 8880), depth: 0, stencil: 0, acc: 0000, samples: 5/1
display  D   display_settings.c:398  _al_score_display_settings       [   0.02799] Single Buffer requirement not met.
display  D   display_settings.c:212  debug_display_settings           [   0.02800] color: 32 (rgba 8880), depth: 0, stencil: 0, acc: 0000, samples: 6/1
display  D   display_settings.c:398  _al_score_display_settings       [   0.02802] Single Buffer requirement not met.
display  D   display_settings.c:212  debug_display_settings           [   0.02803] color: 32 (rgba 8880), depth: 0, stencil: 0, acc: 0000, samples: 7/1
display  D   display_settings.c:398  _al_score_display_settings       [   0.02805] Single Buffer requirement not met.
display  D   display_settings.c:212  debug_display_settings           [   0.02806] color: 32 (rgba 8880), depth: 0, stencil: 0, acc: 0000, samples: 8/1
display  D   display_settings.c:398  _al_score_display_settings       [   0.02807] Single Buffer requirement not met.
display  D   display_settings.c:212  debug_display_settings           [   0.02809] color: 32 (rgba 8880), depth: 24, stencil: 8, acc: 0000, samples: 0/0
display  D   display_settings.c:398  _al_score_display_settings       [   0.02810] Single Buffer requirement not met.
display  D   display_settings.c:212  debug_display_settings           [   0.02812] color: 32 (rgba 8880), depth: 24, stencil: 8, acc: 0000, samples: 0/0
display  D   display_settings.c:398  _al_score_display_settings       [   0.02813] Single Buffer requirement not met.
display  D   display_settings.c:212  debug_display_settings           [   0.02814] color: 32 (rgba 8880), depth: 24, stencil: 8, acc: 0000, samples: 2/1
display  D   display_settings.c:398  _al_score_display_settings       [   0.02816] Single Buffer requirement not met.
display  D   display_settings.c:212  debug_display_settings           [   0.02817] color: 32 (rgba 8880), depth: 24, stencil: 8, acc: 0000, samples: 3/1
display  D   display_settings.c:398  _al_score_display_settings       [   0.02819] Single Buffer requirement not met.
display  D   display_settings.c:212  debug_display_settings           [   0.02820] color: 32 (rgba 8880), depth: 24, stencil: 8, acc: 0000, samples: 4/1
display  D   display_settings.c:398  _al_score_display_settings       [   0.02821] Single Buffer requirement not met.
display  D   display_settings.c:212  debug_display_settings           [   0.02823] color: 32 (rgba 8880), depth: 24, stencil: 8, acc: 0000, samples: 5/1
display  D   display_settings.c:398  _al_score_display_settings       [   0.02824] Single Buffer requirement not met.
display  D   display_settings.c:212  debug_display_settings           [   0.02826] color: 32 (rgba 8880), depth: 24, stencil: 8, acc: 0000, samples: 6/1
display  D   display_settings.c:398  _al_score_display_settings       [   0.02827] Single Buffer requirement not met.
display  D   display_settings.c:212  debug_display_settings           [   0.02828] color: 32 (rgba 8880), depth: 24, stencil: 8, acc: 0000, samples: 7/1
display  D   display_settings.c:398  _al_score_display_settings       [   0.02830] Single Buffer requirement not met.
display  D   display_settings.c:212  debug_display_settings           [   0.02832] color: 32 (rgba 8880), depth: 24, stencil: 8, acc: 0000, samples: 8/1
display  D   display_settings.c:398  _al_score_display_settings       [   0.02834] Single Buffer requirement not met.
display  D   display_settings.c:212  debug_display_settings           [   0.02836] color: 32 (rgba 8880), depth: 24, stencil: 0, acc: 0000, samples: 0/0
display  D   display_settings.c:398  _al_score_display_settings       [   0.02837] Single Buffer requirement not met.
display  D   display_settings.c:212  debug_display_settings           [   0.02839] color: 32 (rgba 8880), depth: 24, stencil: 0, acc: 0000, samples: 0/0
display  D   display_settings.c:398  _al_score_display_settings       [   0.02840] Single Buffer requirement not met.
display  D   display_settings.c:212  debug_display_settings           [   0.02842] color: 32 (rgba 8880), depth: 24, stencil: 0, acc: 0000, samples: 2/1
display  D   display_settings.c:398  _al_score_display_settings       [   0.02843] Single Buffer requirement not met.
display  D   display_settings.c:212  debug_display_settings           [   0.02844] color: 32 (rgba 8880), depth: 24, stencil: 0, acc: 0000, samples: 3/1
display  D   display_settings.c:398  _al_score_display_settings       [   0.02846] Single Buffer requirement not met.
display  D   display_settings.c:212  debug_display_settings           [   0.02847] color: 32 (rgba 8880), depth: 24, stencil: 0, acc: 0000, samples: 4/1
display  D   display_settings.c:398  _al_score_display_settings       [   0.02849] Single Buffer requirement not met.
display  D   display_settings.c:212  debug_display_settings           [   0.02850] color: 32 (rgba 8880), depth: 24, stencil: 0, acc: 0000, samples: 5/1
display  D   display_settings.c:398  _al_score_display_settings       [   0.02852] Single Buffer requirement not met.
display  D   display_settings.c:212  debug_display_settings           [   0.02853] color: 32 (rgba 8880), depth: 24, stencil: 0, acc: 0000, samples: 6/1
display  D   display_settings.c:398  _al_score_display_settings       [   0.02854] Single Buffer requirement not met.
display  D   display_settings.c:212  debug_display_settings           [   0.02856] color: 32 (rgba 8880), depth: 24, stencil: 0, acc: 0000, samples: 7/1
display  D   display_settings.c:398  _al_score_display_settings       [   0.02857] Single Buffer requirement not met.
display  D   display_settings.c:212  debug_display_settings           [   0.02858] color: 32 (rgba 8880), depth: 24, stencil: 0, acc: 0000, samples: 8/1
display  D   display_settings.c:398  _al_score_display_settings       [   0.02860] Single Buffer requirement not met.
display  D   display_settings.c:212  debug_display_settings           [   0.02861] color: 32 (rgba 8880), depth: 16, stencil: 0, acc: 0000, samples: 0/0
display  D   display_settings.c:398  _al_score_display_settings       [   0.02863] Single Buffer requirement not met.
display  D   display_settings.c:212  debug_display_settings           [   0.02864] color: 32 (rgba 8880), depth: 16, stencil: 0, acc: 0000, samples: 0/0
display  D   display_settings.c:398  _al_score_display_settings       [   0.02866] Single Buffer requirement not met.
display  D   display_settings.c:212  debug_display_settings           [   0.02867] color: 32 (rgba 8880), depth: 16, stencil: 0, acc: 0000, samples: 2/1
display  D   display_settings.c:398  _al_score_display_settings       [   0.02869] Single Buffer requirement not met.
display  D   display_settings.c:212  debug_display_settings           [   0.02870] color: 32 (rgba 8880), depth: 16, stencil: 0, acc: 0000, samples: 3/1
display  D   display_settings.c:398  _al_score_display_settings       [   0.02871] Single Buffer requirement not met.
display  D   display_settings.c:212  debug_display_settings           [   0.02873] color: 32 (rgba 8880), depth: 16, stencil: 0, acc: 0000, samples: 4/1
display  D   display_settings.c:398  _al_score_display_settings       [   0.02874] Single Buffer requirement not met.
display  D   display_settings.c:212  debug_display_settings           [   0.02875] color: 32 (rgba 8880), depth: 16, stencil: 0, acc: 0000, samples: 5/1
display  D   display_settings.c:398  _al_score_display_settings       [   0.02877] Single Buffer requirement not met.
display  D   display_settings.c:212  debug_display_settings           [   0.02878] color: 32 (rgba 8880), depth: 16, stencil: 0, acc: 0000, samples: 6/1
display  D   display_settings.c:398  _al_score_display_settings       [   0.02880] Single Buffer requirement not met.
display  D   display_settings.c:212  debug_display_settings           [   0.02881] color: 32 (rgba 8880), depth: 16, stencil: 0, acc: 0000, samples: 7/1
display  D   display_settings.c:398  _al_score_display_settings       [   0.02883] Single Buffer requirement not met.
display  D   display_settings.c:212  debug_display_settings           [   0.02884] color: 32 (rgba 8880), depth: 16, stencil: 0, acc: 0000, samples: 8/1
display  D   display_settings.c:398  _al_score_display_settings       [   0.02886] Single Buffer requirement not met.
display  D   display_settings.c:212  debug_display_settings           [   0.02887] color: 16 (rgba 5650), depth: 0, stencil: 0, acc: 0000, samples: 0/0
display  D   display_settings.c:398  _al_score_display_settings       [   0.02888] Single Buffer requirement not met.
display  D   display_settings.c:212  debug_display_settings           [   0.02890] color: 16 (rgba 5650), depth: 0, stencil: 0, acc: 0000, samples: 0/0
display  D   display_settings.c:398  _al_score_display_settings       [   0.02891] Single Buffer requirement not met.
display  D   display_settings.c:212  debug_display_settings           [   0.02893] color: 16 (rgba 5650), depth: 0, stencil: 0, acc: 0000, samples: 2/1
display  D   display_settings.c:398  _al_score_display_settings       [   0.02894] Single Buffer requirement not met.
display  D   display_settings.c:212  debug_display_settings           [   0.02896] color: 16 (rgba 5650), depth: 0, stencil: 0, acc: 0000, samples: 3/1
display  D   display_settings.c:398  _al_score_display_settings       [   0.02897] Single Buffer requirement not met.
display  D   display_settings.c:212  debug_display_settings           [   0.02899] color: 16 (rgba 5650), depth: 0, stencil: 0, acc: 0000, samples: 4/1
display  D   display_settings.c:398  _al_score_display_settings       [   0.02900] Single Buffer requirement not met.
display  D   display_settings.c:212  debug_display_settings           [   0.02901] color: 16 (rgba 5650), depth: 0, stencil: 0, acc: 0000, samples: 5/1
display  D   display_settings.c:398  _al_score_display_settings       [   0.02903] Single Buffer requirement not met.
display  D   display_settings.c:212  debug_display_settings           [   0.02904] color: 16 (rgba 5650), depth: 0, stencil: 0, acc: 0000, samples: 6/1
display  D   display_settings.c:398  _al_score_display_settings       [   0.02906] Single Buffer requirement not met.
display  D   display_settings.c:212  debug_display_settings           [   0.02907] color: 16 (rgba 5650), depth: 0, stencil: 0, acc: 0000, samples: 7/1
display  D   display_settings.c:398  _al_score_display_settings       [   0.02908] Single Buffer requirement not met.
display  D   display_settings.c:212  debug_display_settings           [   0.02910] color: 16 (rgba 5650), depth: 0, stencil: 0, acc: 0000, samples: 8/1
display  D   display_settings.c:398  _al_score_display_settings       [   0.02911] Single Buffer requirement not met.
display  D   display_settings.c:212  debug_display_settings           [   0.02913] color: 16 (rgba 5650), depth: 24, stencil: 8, acc: 0000, samples: 0/0
display  D   display_settings.c:398  _al_score_display_settings       [   0.02914] Single Buffer requirement not met.
display  D   display_settings.c:212  debug_display_settings           [   0.02915] color: 16 (rgba 5650), depth: 24, stencil: 8, acc: 0000, samples: 0/0
display  D   display_settings.c:398  _al_score_display_settings       [   0.02917] Single Buffer requirement not met.
display  D   display_settings.c:212  debug_display_settings           [   0.02918] color: 16 (rgba 5650), depth: 24, stencil: 8, acc: 0000, samples: 2/1
display  D   display_settings.c:398  _al_score_display_settings       [   0.02922] Single Buffer requirement not met.
display  D   display_settings.c:212  debug_display_settings           [   0.02924] color: 16 (rgba 5650), depth: 24, stencil: 8, acc: 0000, samples: 3/1
display  D   display_settings.c:398  _al_score_display_settings       [   0.02925] Single Buffer requirement not met.
display  D   display_settings.c:212  debug_display_settings           [   0.02927] color: 16 (rgba 5650), depth: 24, stencil: 8, acc: 0000, samples: 4/1
display  D   display_settings.c:398  _al_score_display_settings       [   0.02928] Single Buffer requirement not met.
display  D   display_settings.c:212  debug_display_settings           [   0.02930] color: 16 (rgba 5650), depth: 24, stencil: 8, acc: 0000, samples: 5/1
display  D   display_settings.c:398  _al_score_display_settings       [   0.02931] Single Buffer requirement not met.
display  D   display_settings.c:212  debug_display_settings           [   0.02932] color: 16 (rgba 5650), depth: 24, stencil: 8, acc: 0000, samples: 6/1
display  D   display_settings.c:398  _al_score_display_settings       [   0.02934] Single Buffer requirement not met.
display  D   display_settings.c:212  debug_display_settings           [   0.02935] color: 16 (rgba 5650), depth: 24, stencil: 8, acc: 0000, samples: 7/1
display  D   display_settings.c:398  _al_score_display_settings       [   0.02937] Single Buffer requirement not met.
display  D   display_settings.c:212  debug_display_settings           [   0.02938] color: 16 (rgba 5650), depth: 24, stencil: 8, acc: 0000, samples: 8/1
display  D   display_settings.c:398  _al_score_display_settings       [   0.02939] Single Buffer requirement not met.
display  D   display_settings.c:212  debug_display_settings           [   0.02941] color: 16 (rgba 5650), depth: 24, stencil: 0, acc: 0000, samples: 0/0
display  D   display_settings.c:398  _al_score_display_settings       [   0.02942] Single Buffer requirement not met.
display  D   display_settings.c:212  debug_display_settings           [   0.02944] color: 16 (rgba 5650), depth: 24, stencil: 0, acc: 0000, samples: 0/0
display  D   display_settings.c:398  _al_score_display_settings       [   0.02945] Single Buffer requirement not met.
display  D   display_settings.c:212  debug_display_settings           [   0.02946] color: 16 (rgba 5650), depth: 24, stencil: 0, acc: 0000, samples: 2/1
display  D   display_settings.c:398  _al_score_display_settings       [   0.02948] Single Buffer requirement not met.
display  D   display_settings.c:212  debug_display_settings           [   0.02949] color: 16 (rgba 5650), depth: 24, stencil: 0, acc: 0000, samples: 3/1
display  D   display_settings.c:398  _al_score_display_settings       [   0.02951] Single Buffer requirement not met.
display  D   display_settings.c:212  debug_display_settings           [   0.02953] color: 16 (rgba 5650), depth: 24, stencil: 0, acc: 0000, samples: 4/1
display  D   display_settings.c:398  _al_score_display_settings       [   0.02954] Single Buffer requirement not met.
display  D   display_settings.c:212  debug_display_settings           [   0.02955] color: 16 (rgba 5650), depth: 24, stencil: 0, acc: 0000, samples: 5/1
display  D   display_settings.c:398  _al_score_display_settings       [   0.02957] Single Buffer requirement not met.
display  D   display_settings.c:212  debug_display_settings           [   0.02958] color: 16 (rgba 5650), depth: 24, stencil: 0, acc: 0000, samples: 6/1
display  D   display_settings.c:398  _al_score_display_settings       [   0.02960] Single Buffer requirement not met.
display  D   display_settings.c:212  debug_display_settings           [   0.02961] color: 16 (rgba 5650), depth: 24, stencil: 0, acc: 0000, samples: 7/1
display  D   display_settings.c:398  _al_score_display_settings       [   0.02962] Single Buffer requirement not met.
display  D   display_settings.c:212  debug_display_settings           [   0.02964] color: 16 (rgba 5650), depth: 24, stencil: 0, acc: 0000, samples: 8/1
display  D   display_settings.c:398  _al_score_display_settings       [   0.02966] Single Buffer requirement not met.
display  D   display_settings.c:212  debug_display_settings           [   0.02967] color: 16 (rgba 5650), depth: 16, stencil: 0, acc: 0000, samples: 0/0
display  D   display_settings.c:398  _al_score_display_settings       [   0.02968] Single Buffer requirement not met.
display  D   display_settings.c:212  debug_display_settings           [   0.02970] color: 16 (rgba 5650), depth: 16, stencil: 0, acc: 0000, samples: 0/0
display  D   display_settings.c:398  _al_score_display_settings       [   0.02971] Single Buffer requirement not met.
display  D   display_settings.c:212  debug_display_settings           [   0.02973] color: 16 (rgba 5650), depth: 16, stencil: 0, acc: 0000, samples: 2/1
display  D   display_settings.c:398  _al_score_display_settings       [   0.02974] Single Buffer requirement not met.
display  D   display_settings.c:212  debug_display_settings           [   0.02975] color: 16 (rgba 5650), depth: 16, stencil: 0, acc: 0000, samples: 3/1
display  D   display_settings.c:398  _al_score_display_settings       [   0.02977] Single Buffer requirement not met.
display  D   display_settings.c:212  debug_display_settings           [   0.02978] color: 16 (rgba 5650), depth: 16, stencil: 0, acc: 0000, samples: 4/1
display  D   display_settings.c:398  _al_score_display_settings       [   0.02980] Single Buffer requirement not met.
display  D   display_settings.c:212  debug_display_settings           [   0.02981] color: 16 (rgba 5650), depth: 16, stencil: 0, acc: 0000, samples: 5/1
display  D   display_settings.c:398  _al_score_display_settings       [   0.02982] Single Buffer requirement not met.
display  D   display_settings.c:212  debug_display_settings           [   0.02984] color: 16 (rgba 5650), depth: 16, stencil: 0, acc: 0000, samples: 6/1
display  D   display_settings.c:398  _al_score_display_settings       [   0.02985] Single Buffer requirement not met.
display  D   display_settings.c:212  debug_display_settings           [   0.02987] color: 16 (rgba 5650), depth: 16, stencil: 0, acc: 0000, samples: 7/1
display  D   display_settings.c:398  _al_score_display_settings       [   0.02988] Single Buffer requirement not met.
display  D   display_settings.c:212  debug_display_settings           [   0.02989] color: 16 (rgba 5650), depth: 16, stencil: 0, acc: 0000, samples: 8/1
display  D   display_settings.c:398  _al_score_display_settings       [   0.02991] Single Buffer requirement not met.
display  D   display_settings.c:212  debug_display_settings           [   0.02992] color: 32 (rgba 8880), depth: 0, stencil: 0, acc: 0000, samples: 0/0
display  D   display_settings.c:527  _al_score_display_settings       [   0.02994] Score is : 769
display  D   display_settings.c:212  debug_display_settings           [   0.02995] color: 32 (rgba 8880), depth: 0, stencil: 0, acc: 0000, samples: 0/0
display  D   display_settings.c:527  _al_score_display_settings       [   0.02996] Score is : 769
display  D   display_settings.c:212  debug_display_settings           [   0.02998] color: 32 (rgba 8880), depth: 0, stencil: 0, acc: 0000, samples: 2/1
display  D   display_settings.c:527  _al_score_display_settings       [   0.02999] Score is : 598
display  D   display_settings.c:212  debug_display_settings           [   0.03001] color: 32 (rgba 8880), depth: 0, stencil: 0, acc: 0000, samples: 3/1
display  D   display_settings.c:527  _al_score_display_settings       [   0.03002] Score is : 593
display  D   display_settings.c:212  debug_display_settings           [   0.03003] color: 32 (rgba 8880), depth: 0, stencil: 0, acc: 0000, samples: 4/1
display  D   display_settings.c:527  _al_score_display_settings       [   0.03005] Score is : 589
display  D   display_settings.c:212  debug_display_settings           [   0.03006] color: 32 (rgba 8880), depth: 0, stencil: 0, acc: 0000, samples: 5/1
display  D   display_settings.c:527  _al_score_display_settings       [   0.03008] Score is : 587
display  D   display_settings.c:212  debug_display_settings           [   0.03009] color: 32 (rgba 8880), depth: 0, stencil: 0, acc: 0000, samples: 6/1
display  D   display_settings.c:527  _al_score_display_settings       [   0.03011] Score is : 586
display  D   display_settings.c:212  debug_display_settings           [   0.03012] color: 32 (rgba 8880), depth: 0, stencil: 0, acc: 0000, samples: 7/1
display  D   display_settings.c:527  _al_score_display_settings       [   0.03014] Score is : 585
display  D   display_settings.c:212  debug_display_settings           [   0.03015] color: 32 (rgba 8880), depth: 0, stencil: 0, acc: 0000, samples: 8/1
display  D   display_settings.c:527  _al_score_display_settings       [   0.03016] Score is : 584
display  D   display_settings.c:212  debug_display_settings           [   0.03018] color: 32 (rgba 8880), depth: 24, stencil: 8, acc: 0000, samples: 0/0
display  D   display_settings.c:527  _al_score_display_settings       [   0.03019] Score is : 769
display  D   display_settings.c:212  debug_display_settings           [   0.03020] color: 32 (rgba 8880), depth: 24, stencil: 8, acc: 0000, samples: 0/0
display  D   display_settings.c:527  _al_score_display_settings       [   0.03022] Score is : 769
display  D   display_settings.c:212  debug_display_settings           [   0.03023] color: 32 (rgba 8880), depth: 24, stencil: 8, acc: 0000, samples: 2/1
display  D   display_settings.c:527  _al_score_display_settings       [   0.03025] Score is : 598
display  D   display_settings.c:212  debug_display_settings           [   0.03026] color: 32 (rgba 8880), depth: 24, stencil: 8, acc: 0000, samples: 3/1
display  D   display_settings.c:527  _al_score_display_settings       [   0.03027] Score is : 593
display  D   display_settings.c:212  debug_display_settings           [   0.03029] color: 32 (rgba 8880), depth: 24, stencil: 8, acc: 0000, samples: 4/1
display  D   display_settings.c:527  _al_score_display_settings       [   0.03030] Score is : 589
display  D   display_settings.c:212  debug_display_settings           [   0.03032] color: 32 (rgba 8880), depth: 24, stencil: 8, acc: 0000, samples: 5/1
display  D   display_settings.c:527  _al_score_display_settings       [   0.03033] Score is : 587
display  D   display_settings.c:212  debug_display_settings           [   0.03034] color: 32 (rgba 8880), depth: 24, stencil: 8, acc: 0000, samples: 6/1
display  D   display_settings.c:527  _al_score_display_settings       [   0.03036] Score is : 586
display  D   display_settings.c:212  debug_display_settings           [   0.03037] color: 32 (rgba 8880), depth: 24, stencil: 8, acc: 0000, samples: 7/1
display  D   display_settings.c:527  _al_score_display_settings       [   0.03038] Score is : 585
display  D   display_settings.c:212  debug_display_settings           [   0.03040] color: 32 (rgba 8880), depth: 24, stencil: 8, acc: 0000, samples: 8/1
display  D   display_settings.c:527  _al_score_display_settings       [   0.03041] Score is : 584
display  D   display_settings.c:212  debug_display_settings           [   0.03043] color: 32 (rgba 8880), depth: 24, stencil: 0, acc: 0000, samples: 0/0
display  D   display_settings.c:527  _al_score_display_settings       [   0.03044] Score is : 769
display  D   display_settings.c:212  debug_display_settings           [   0.03045] color: 32 (rgba 8880), depth: 24, stencil: 0, acc: 0000, samples: 0/0
display  D   display_settings.c:527  _al_score_display_settings       [   0.03047] Score is : 769
display  D   display_settings.c:212  debug_display_settings           [   0.03048] color: 32 (rgba 8880), depth: 24, stencil: 0, acc: 0000, samples: 2/1
display  D   display_settings.c:527  _al_score_display_settings       [   0.03050] Score is : 598
display  D   display_settings.c:212  debug_display_settings           [   0.03051] color: 32 (rgba 8880), depth: 24, stencil: 0, acc: 0000, samples: 3/1
display  D   display_settings.c:527  _al_score_display_settings       [   0.03052] Score is : 593
display  D   display_settings.c:212  debug_display_settings           [   0.03054] color: 32 (rgba 8880), depth: 24, stencil: 0, acc: 0000, samples: 4/1
display  D   display_settings.c:527  _al_score_display_settings       [   0.03055] Score is : 589
display  D   display_settings.c:212  debug_display_settings           [   0.03057] color: 32 (rgba 8880), depth: 24, stencil: 0, acc: 0000, samples: 5/1
display  D   display_settings.c:527  _al_score_display_settings       [   0.03058] Score is : 587
display  D   display_settings.c:212  debug_display_settings           [   0.03060] color: 32 (rgba 8880), depth: 24, stencil: 0, acc: 0000, samples: 6/1
display  D   display_settings.c:527  _al_score_display_settings       [   0.03061] Score is : 586
display  D   display_settings.c:212  debug_display_settings           [   0.03062] color: 32 (rgba 8880), depth: 24, stencil: 0, acc: 0000, samples: 7/1
display  D   display_settings.c:527  _al_score_display_settings       [   0.03064] Score is : 585
display  D   display_settings.c:212  debug_display_settings           [   0.03065] color: 32 (rgba 8880), depth: 24, stencil: 0, acc: 0000, samples: 8/1
display  D   display_settings.c:527  _al_score_display_settings       [   0.03067] Score is : 584
display  D   display_settings.c:212  debug_display_settings           [   0.03068] color: 32 (rgba 8880), depth: 16, stencil: 0, acc: 0000, samples: 0/0
display  D   display_settings.c:527  _al_score_display_settings       [   0.03070] Score is : 769
display  D   display_settings.c:212  debug_display_settings           [   0.03071] color: 32 (rgba 8880), depth: 16, stencil: 0, acc: 0000, samples: 0/0
display  D   display_settings.c:527  _al_score_display_settings       [   0.03072] Score is : 769
display  D   display_settings.c:212  debug_display_settings           [   0.03074] color: 32 (rgba 8880), depth: 16, stencil: 0, acc: 0000, samples: 2/1
display  D   display_settings.c:527  _al_score_display_settings       [   0.03076] Score is : 598
display  D   display_settings.c:212  debug_display_settings           [   0.03077] color: 32 (rgba 8880), depth: 16, stencil: 0, acc: 0000, samples: 3/1
display  D   display_settings.c:527  _al_score_display_settings       [   0.03078] Score is : 593
display  D   display_settings.c:212  debug_display_settings           [   0.03080] color: 32 (rgba 8880), depth: 16, stencil: 0, acc: 0000, samples: 4/1
display  D   display_settings.c:527  _al_score_display_settings       [   0.03081] Score is : 589
display  D   display_settings.c:212  debug_display_settings           [   0.03083] color: 32 (rgba 8880), depth: 16, stencil: 0, acc: 0000, samples: 5/1
display  D   display_settings.c:527  _al_score_display_settings       [   0.03084] Score is : 587
display  D   display_settings.c:212  debug_display_settings           [   0.03085] color: 32 (rgba 8880), depth: 16, stencil: 0, acc: 0000, samples: 6/1
display  D   display_settings.c:527  _al_score_display_settings       [   0.03087] Score is : 586
display  D   display_settings.c:212  debug_display_settings           [   0.03088] color: 32 (rgba 8880), depth: 16, stencil: 0, acc: 0000, samples: 7/1
display  D   display_settings.c:527  _al_score_display_settings       [   0.03090] Score is : 585
display  D   display_settings.c:212  debug_display_settings           [   0.03091] color: 32 (rgba 8880), depth: 16, stencil: 0, acc: 0000, samples: 8/1
display  D   display_settings.c:527  _al_score_display_settings       [   0.03092] Score is : 584
display  D   display_settings.c:212  debug_display_settings           [   0.03094] color: 16 (rgba 5650), depth: 0, stencil: 0, acc: 0000, samples: 0/0
display  D   display_settings.c:527  _al_score_display_settings       [   0.03095] Score is : 769
display  D   display_settings.c:212  debug_display_settings           [   0.03096] color: 16 (rgba 5650), depth: 0, stencil: 0, acc: 0000, samples: 0/0
display  D   display_settings.c:527  _al_score_display_settings       [   0.03098] Score is : 769
display  D   display_settings.c:212  debug_display_settings           [   0.03099] color: 16 (rgba 5650), depth: 0, stencil: 0, acc: 0000, samples: 2/1
display  D   display_settings.c:527  _al_score_display_settings       [   0.03101] Score is : 598
display  D   display_settings.c:212  debug_display_settings           [   0.03102] color: 16 (rgba 5650), depth: 0, stencil: 0, acc: 0000, samples: 3/1
display  D   display_settings.c:527  _al_score_display_settings       [   0.03104] Score is : 593
display  D   display_settings.c:212  debug_display_settings           [   0.03105] color: 16 (rgba 5650), depth: 0, stencil: 0, acc: 0000, samples: 4/1
display  D   display_settings.c:527  _al_score_display_settings       [   0.03106] Score is : 589
display  D   display_settings.c:212  debug_display_settings           [   0.03108] color: 16 (rgba 5650), depth: 0, stencil: 0, acc: 0000, samples: 5/1
display  D   display_settings.c:527  _al_score_display_settings       [   0.03109] Score is : 587
display  D   display_settings.c:212  debug_display_settings           [   0.03110] color: 16 (rgba 5650), depth: 0, stencil: 0, acc: 0000, samples: 6/1
display  D   display_settings.c:527  _al_score_display_settings       [   0.03112] Score is : 586
display  D   display_settings.c:212  debug_display_settings           [   0.03113] color: 16 (rgba 5650), depth: 0, stencil: 0, acc: 0000, samples: 7/1
display  D   display_settings.c:527  _al_score_display_settings       [   0.03115] Score is : 585
display  D   display_settings.c:212  debug_display_settings           [   0.03116] color: 16 (rgba 5650), depth: 0, stencil: 0, acc: 0000, samples: 8/1
display  D   display_settings.c:527  _al_score_display_settings       [   0.03118] Score is : 584
display  D   display_settings.c:212  debug_display_settings           [   0.03119] color: 16 (rgba 5650), depth: 24, stencil: 8, acc: 0000, samples: 0/0
display  D   display_settings.c:527  _al_score_display_settings       [   0.03120] Score is : 769
display  D   display_settings.c:212  debug_display_settings           [   0.03122] color: 16 (rgba 5650), depth: 24, stencil: 8, acc: 0000, samples: 0/0
display  D   display_settings.c:527  _al_score_display_settings       [   0.03123] Score is : 769
display  D   display_settings.c:212  debug_display_settings           [   0.03124] color: 16 (rgba 5650), depth: 24, stencil: 8, acc: 0000, samples: 2/1
display  D   display_settings.c:527  _al_score_display_settings       [   0.03126] Score is : 598
display  D   display_settings.c:212  debug_display_settings           [   0.03127] color: 16 (rgba 5650), depth: 24, stencil: 8, acc: 0000, samples: 3/1
display  D   display_settings.c:527  _al_score_display_settings       [   0.03129] Score is : 593
display  D   display_settings.c:212  debug_display_settings           [   0.03130] color: 16 (rgba 5650), depth: 24, stencil: 8, acc: 0000, samples: 4/1
display  D   display_settings.c:527  _al_score_display_settings       [   0.03131] Score is : 589
display  D   display_settings.c:212  debug_display_settings           [   0.03133] color: 16 (rgba 5650), depth: 24, stencil: 8, acc: 0000, samples: 5/1
display  D   display_settings.c:527  _al_score_display_settings       [   0.03134] Score is : 587
display  D   display_settings.c:212  debug_display_settings           [   0.03135] color: 16 (rgba 5650), depth: 24, stencil: 8, acc: 0000, samples: 6/1
display  D   display_settings.c:527  _al_score_display_settings       [   0.03137] Score is : 586
display  D   display_settings.c:212  debug_display_settings           [   0.03138] color: 16 (rgba 5650), depth: 24, stencil: 8, acc: 0000, samples: 7/1
display  D   display_settings.c:527  _al_score_display_settings       [   0.03140] Score is : 585
display  D   display_settings.c:212  debug_display_settings           [   0.03141] color: 16 (rgba 5650), depth: 24, stencil: 8, acc: 0000, samples: 8/1
display  D   display_settings.c:527  _al_score_display_settings       [   0.03142] Score is : 584
display  D   display_settings.c:212  debug_display_settings           [   0.03144] color: 16 (rgba 5650), depth: 24, stencil: 0, acc: 0000, samples: 0/0
display  D   display_settings.c:527  _al_score_display_settings       [   0.03145] Score is : 769
display  D   display_settings.c:212  debug_display_settings           [   0.03147] color: 16 (rgba 5650), depth: 24, stencil: 0, acc: 0000, samples: 0/0
display  D   display_settings.c:527  _al_score_display_settings       [   0.03148] Score is : 769
display  D   display_settings.c:212  debug_display_settings           [   0.03149] color: 16 (rgba 5650), depth: 24, stencil: 0, acc: 0000, samples: 2/1
display  D   display_settings.c:527  _al_score_display_settings       [   0.03151] Score is : 598
display  D   display_settings.c:212  debug_display_settings           [   0.03152] color: 16 (rgba 5650), depth: 24, stencil: 0, acc: 0000, samples: 3/1
display  D   display_settings.c:527  _al_score_display_settings       [   0.03154] Score is : 593
display  D   display_settings.c:212  debug_display_settings           [   0.03155] color: 16 (rgba 5650), depth: 24, stencil: 0, acc: 0000, samples: 4/1
display  D   display_settings.c:527  _al_score_display_settings       [   0.03156] Score is : 589
display  D   display_settings.c:212  debug_display_settings           [   0.03158] color: 16 (rgba 5650), depth: 24, stencil: 0, acc: 0000, samples: 5/1
display  D   display_settings.c:527  _al_score_display_settings       [   0.03159] Score is : 587
display  D   display_settings.c:212  debug_display_settings           [   0.03161] color: 16 (rgba 5650), depth: 24, stencil: 0, acc: 0000, samples: 6/1
display  D   display_settings.c:527  _al_score_display_settings       [   0.03162] Score is : 586
display  D   display_settings.c:212  debug_display_settings           [   0.03163] color: 16 (rgba 5650), depth: 24, stencil: 0, acc: 0000, samples: 7/1
display  D   display_settings.c:527  _al_score_display_settings       [   0.03165] Score is : 585
display  D   display_settings.c:212  debug_display_settings           [   0.03166] color: 16 (rgba 5650), depth: 24, stencil: 0, acc: 0000, samples: 8/1
display  D   display_settings.c:527  _al_score_display_settings       [   0.03168] Score is : 584
display  D   display_settings.c:212  debug_display_settings           [   0.03169] color: 16 (rgba 5650), depth: 16, stencil: 0, acc: 0000, samples: 0/0
display  D   display_settings.c:527  _al_score_display_settings       [   0.03171] Score is : 769
display  D   display_settings.c:212  debug_display_settings           [   0.03172] color: 16 (rgba 5650), depth: 16, stencil: 0, acc: 0000, samples: 0/0
display  D   display_settings.c:527  _al_score_display_settings       [   0.03173] Score is : 769
display  D   display_settings.c:212  debug_display_settings           [   0.03175] color: 16 (rgba 5650), depth: 16, stencil: 0, acc: 0000, samples: 2/1
display  D   display_settings.c:527  _al_score_display_settings       [   0.03176] Score is : 598
display  D   display_settings.c:212  debug_display_settings           [   0.03178] color: 16 (rgba 5650), depth: 16, stencil: 0, acc: 0000, samples: 3/1
display  D   display_settings.c:527  _al_score_display_settings       [   0.03179] Score is : 593
display  D   display_settings.c:212  debug_display_settings           [   0.03180] color: 16 (rgba 5650), depth: 16, stencil: 0, acc: 0000, samples: 4/1
display  D   display_settings.c:527  _al_score_display_settings       [   0.03182] Score is : 589
display  D   display_settings.c:212  debug_display_settings           [   0.03183] color: 16 (rgba 5650), depth: 16, stencil: 0, acc: 0000, samples: 5/1
display  D   display_settings.c:527  _al_score_display_settings       [   0.03185] Score is : 587
display  D   display_settings.c:212  debug_display_settings           [   0.03186] color: 16 (rgba 5650), depth: 16, stencil: 0, acc: 0000, samples: 6/1
display  D   display_settings.c:527  _al_score_display_settings       [   0.03187] Score is : 586
display  D   display_settings.c:212  debug_display_settings           [   0.03189] color: 16 (rgba 5650), depth: 16, stencil: 0, acc: 0000, samples: 7/1
display  D   display_settings.c:527  _al_score_display_settings       [   0.03190] Score is : 585
display  D   display_settings.c:212  debug_display_settings           [   0.03191] color: 16 (rgba 5650), depth: 16, stencil: 0, acc: 0000, samples: 8/1
display  D   display_settings.c:527  _al_score_display_settings       [   0.03193] Score is : 584
display  D   display_settings.c:212  debug_display_settings           [   0.03194] color: 32 (rgba 8880), depth: 0, stencil: 0, acc: 0000, samples: 0/0
display  D   display_settings.c:398  _al_score_display_settings       [   0.03196] Single Buffer requirement not met.
display  D   display_settings.c:212  debug_display_settings           [   0.03197] color: 32 (rgba 8880), depth: 0, stencil: 0, acc: 0000, samples: 0/0
display  D   display_settings.c:398  _al_score_display_settings       [   0.03199] Single Buffer requirement not met.
display  D   display_settings.c:212  debug_display_settings           [   0.03200] color: 32 (rgba 8880), depth: 0, stencil: 0, acc: 0000, samples: 2/1
display  D   display_settings.c:398  _al_score_display_settings       [   0.03201] Single Buffer requirement not met.
display  D   display_settings.c:212  debug_display_settings           [   0.03203] color: 32 (rgba 8880), depth: 0, stencil: 0, acc: 0000, samples: 3/1
display  D   display_settings.c:398  _al_score_display_settings       [   0.03204] Single Buffer requirement not met.
display  D   display_settings.c:212  debug_display_settings           [   0.03206] color: 32 (rgba 8880), depth: 0, stencil: 0, acc: 0000, samples: 4/1
display  D   display_settings.c:398  _al_score_display_settings       [   0.03207] Single Buffer requirement not met.
display  D   display_settings.c:212  debug_display_settings           [   0.03208] color: 32 (rgba 8880), depth: 0, stencil: 0, acc: 0000, samples: 5/1
display  D   display_settings.c:398  _al_score_display_settings       [   0.03210] Single Buffer requirement not met.
display  D   display_settings.c:212  debug_display_settings           [   0.03211] color: 32 (rgba 8880), depth: 0, stencil: 0, acc: 0000, samples: 6/1
display  D   display_settings.c:398  _al_score_display_settings       [   0.03213] Single Buffer requirement not met.
display  D   display_settings.c:212  debug_display_settings           [   0.03214] color: 32 (rgba 8880), depth: 0, stencil: 0, acc: 0000, samples: 7/1
display  D   display_settings.c:398  _al_score_display_settings       [   0.03215] Single Buffer requirement not met.
display  D   display_settings.c:212  debug_display_settings           [   0.03217] color: 32 (rgba 8880), depth: 0, stencil: 0, acc: 0000, samples: 8/1
display  D   display_settings.c:398  _al_score_display_settings       [   0.03218] Single Buffer requirement not met.
display  D   display_settings.c:212  debug_display_settings           [   0.03220] color: 32 (rgba 8880), depth: 24, stencil: 8, acc: 0000, samples: 0/0
display  D   display_settings.c:398  _al_score_display_settings       [   0.03221] Single Buffer requirement not met.
display  D   display_settings.c:212  debug_display_settings           [   0.03223] color: 32 (rgba 8880), depth: 24, stencil: 8, acc: 0000, samples: 0/0
display  D   display_settings.c:398  _al_score_display_settings       [   0.03224] Single Buffer requirement not met.
display  D   display_settings.c:212  debug_display_settings           [   0.03225] color: 32 (rgba 8880), depth: 24, stencil: 8, acc: 0000, samples: 2/1
display  D   display_settings.c:398  _al_score_display_settings       [   0.03227] Single Buffer requirement not met.
display  D   display_settings.c:212  debug_display_settings           [   0.03228] color: 32 (rgba 8880), depth: 24, stencil: 8, acc: 0000, samples: 3/1
display  D   display_settings.c:398  _al_score_display_settings       [   0.03230] Single Buffer requirement not met.
display  D   display_settings.c:212  debug_display_settings           [   0.03231] color: 32 (rgba 8880), depth: 24, stencil: 8, acc: 0000, samples: 4/1
display  D   display_settings.c:398  _al_score_display_settings       [   0.03232] Single Buffer requirement not met.
display  D   display_settings.c:212  debug_display_settings           [   0.03234] color: 32 (rgba 8880), depth: 24, stencil: 8, acc: 0000, samples: 5/1
display  D   display_settings.c:398  _al_score_display_settings       [   0.03235] Single Buffer requirement not met.
display  D   display_settings.c:212  debug_display_settings           [   0.03237] color: 32 (rgba 8880), depth: 24, stencil: 8, acc: 0000, samples: 6/1
display  D   display_settings.c:398  _al_score_display_settings       [   0.03238] Single Buffer requirement not met.
display  D   display_settings.c:212  debug_display_settings           [   0.03240] color: 32 (rgba 8880), depth: 24, stencil: 8, acc: 0000, samples: 7/1
display  D   display_settings.c:398  _al_score_display_settings       [   0.03241] Single Buffer requirement not met.
display  D   display_settings.c:212  debug_display_settings           [   0.03242] color: 32 (rgba 8880), depth: 24, stencil: 8, acc: 0000, samples: 8/1
display  D   display_settings.c:398  _al_score_display_settings       [   0.03244] Single Buffer requirement not met.
display  D   display_settings.c:212  debug_display_settings           [   0.03245] color: 32 (rgba 8880), depth: 24, stencil: 0, acc: 0000, samples: 0/0
display  D   display_settings.c:398  _al_score_display_settings       [   0.03247] Single Buffer requirement not met.
display  D   display_settings.c:212  debug_display_settings           [   0.03248] color: 32 (rgba 8880), depth: 24, stencil: 0, acc: 0000, samples: 0/0
display  D   display_settings.c:398  _al_score_display_settings       [   0.03249] Single Buffer requirement not met.
display  D   display_settings.c:212  debug_display_settings           [   0.03251] color: 32 (rgba 8880), depth: 24, stencil: 0, acc: 0000, samples: 2/1
display  D   display_settings.c:398  _al_score_display_settings       [   0.03252] Single Buffer requirement not met.
display  D   display_settings.c:212  debug_display_settings           [   0.03254] color: 32 (rgba 8880), depth: 24, stencil: 0, acc: 0000, samples: 3/1
display  D   display_settings.c:398  _al_score_display_settings       [   0.03255] Single Buffer requirement not met.
display  D   display_settings.c:212  debug_display_settings           [   0.03256] color: 32 (rgba 8880), depth: 24, stencil: 0, acc: 0000, samples: 4/1
display  D   display_settings.c:398  _al_score_display_settings       [   0.03258] Single Buffer requirement not met.
display  D   display_settings.c:212  debug_display_settings           [   0.03259] color: 32 (rgba 8880), depth: 24, stencil: 0, acc: 0000, samples: 5/1
display  D   display_settings.c:398  _al_score_display_settings       [   0.03261] Single Buffer requirement not met.
display  D   display_settings.c:212  debug_display_settings           [   0.03262] color: 32 (rgba 8880), depth: 24, stencil: 0, acc: 0000, samples: 6/1
display  D   display_settings.c:398  _al_score_display_settings       [   0.03263] Single Buffer requirement not met.
display  D   display_settings.c:212  debug_display_settings           [   0.03265] color: 32 (rgba 8880), depth: 24, stencil: 0, acc: 0000, samples: 7/1
display  D   display_settings.c:398  _al_score_display_settings       [   0.03266] Single Buffer requirement not met.
display  D   display_settings.c:212  debug_display_settings           [   0.03268] color: 32 (rgba 8880), depth: 24, stencil: 0, acc: 0000, samples: 8/1
display  D   display_settings.c:398  _al_score_display_settings       [   0.03269] Single Buffer requirement not met.
display  D   display_settings.c:212  debug_display_settings           [   0.03271] color: 32 (rgba 8880), depth: 16, stencil: 0, acc: 0000, samples: 0/0
display  D   display_settings.c:398  _al_score_display_settings       [   0.03272] Single Buffer requirement not met.
display  D   display_settings.c:212  debug_display_settings           [   0.03273] color: 32 (rgba 8880), depth: 16, stencil: 0, acc: 0000, samples: 0/0
display  D   display_settings.c:398  _al_score_display_settings       [   0.03275] Single Buffer requirement not met.
display  D   display_settings.c:212  debug_display_settings           [   0.03279] color: 32 (rgba 8880), depth: 16, stencil: 0, acc: 0000, samples: 2/1
display  D   display_settings.c:398  _al_score_display_settings       [   0.03281] Single Buffer requirement not met.
display  D   display_settings.c:212  debug_display_settings           [   0.03282] color: 32 (rgba 8880), depth: 16, stencil: 0, acc: 0000, samples: 3/1
display  D   display_settings.c:398  _al_score_display_settings       [   0.03284] Single Buffer requirement not met.
display  D   display_settings.c:212  debug_display_settings           [   0.03285] color: 32 (rgba 8880), depth: 16, stencil: 0, acc: 0000, samples: 4/1
display  D   display_settings.c:398  _al_score_display_settings       [   0.03286] Single Buffer requirement not met.
display  D   display_settings.c:212  debug_display_settings           [   0.03288] color: 32 (rgba 8880), depth: 16, stencil: 0, acc: 0000, samples: 5/1
display  D   display_settings.c:398  _al_score_display_settings       [   0.03289] Single Buffer requirement not met.
display  D   display_settings.c:212  debug_display_settings           [   0.03291] color: 32 (rgba 8880), depth: 16, stencil: 0, acc: 0000, samples: 6/1
display  D   display_settings.c:398  _al_score_display_settings       [   0.03292] Single Buffer requirement not met.
display  D   display_settings.c:212  debug_display_settings           [   0.03293] color: 32 (rgba 8880), depth: 16, stencil: 0, acc: 0000, samples: 7/1
display  D   display_settings.c:398  _al_score_display_settings       [   0.03295] Single Buffer requirement not met.
display  D   display_settings.c:212  debug_display_settings           [   0.03296] color: 32 (rgba 8880), depth: 16, stencil: 0, acc: 0000, samples: 8/1
display  D   display_settings.c:398  _al_score_display_settings       [   0.03298] Single Buffer requirement not met.
display  D   display_settings.c:212  debug_display_settings           [   0.03299] color: 16 (rgba 5650), depth: 0, stencil: 0, acc: 0000, samples: 0/0
display  D   display_settings.c:398  _al_score_display_settings       [   0.03300] Single Buffer requirement not met.
display  D   display_settings.c:212  debug_display_settings           [   0.03302] color: 16 (rgba 5650), depth: 0, stencil: 0, acc: 0000, samples: 0/0
display  D   display_settings.c:398  _al_score_display_settings       [   0.03303] Single Buffer requirement not met.
display  D   display_settings.c:212  debug_display_settings           [   0.03305] color: 16 (rgba 5650), depth: 0, stencil: 0, acc: 0000, samples: 2/1
display  D   display_settings.c:398  _al_score_display_settings       [   0.03306] Single Buffer requirement not met.
display  D   display_settings.c:212  debug_display_settings           [   0.03307] color: 16 (rgba 5650), depth: 0, stencil: 0, acc: 0000, samples: 3/1
display  D   display_settings.c:398  _al_score_display_settings       [   0.03309] Single Buffer requirement not met.
display  D   display_settings.c:212  debug_display_settings           [   0.03310] color: 16 (rgba 5650), depth: 0, stencil: 0, acc: 0000, samples: 4/1
display  D   display_settings.c:398  _al_score_display_settings       [   0.03312] Single Buffer requirement not met.
display  D   display_settings.c:212  debug_display_settings           [   0.03313] color: 16 (rgba 5650), depth: 0, stencil: 0, acc: 0000, samples: 5/1
display  D   display_settings.c:398  _al_score_display_settings       [   0.03314] Single Buffer requirement not met.
display  D   display_settings.c:212  debug_display_settings           [   0.03316] color: 16 (rgba 5650), depth: 0, stencil: 0, acc: 0000, samples: 6/1
display  D   display_settings.c:398  _al_score_display_settings       [   0.03317] Single Buffer requirement not met.
display  D   display_settings.c:212  debug_display_settings           [   0.03319] color: 16 (rgba 5650), depth: 0, stencil: 0, acc: 0000, samples: 7/1
display  D   display_settings.c:398  _al_score_display_settings       [   0.03320] Single Buffer requirement not met.
display  D   display_settings.c:212  debug_display_settings           [   0.03321] color: 16 (rgba 5650), depth: 0, stencil: 0, acc: 0000, samples: 8/1
display  D   display_settings.c:398  _al_score_display_settings       [   0.03323] Single Buffer requirement not met.
display  D   display_settings.c:212  debug_display_settings           [   0.03324] color: 16 (rgba 5650), depth: 24, stencil: 8, acc: 0000, samples: 0/0
display  D   display_settings.c:398  _al_score_display_settings       [   0.03326] Single Buffer requirement not met.
display  D   display_settings.c:212  debug_display_settings           [   0.03327] color: 16 (rgba 5650), depth: 24, stencil: 8, acc: 0000, samples: 0/0
display  D   display_settings.c:398  _al_score_display_settings       [   0.03329] Single Buffer requirement not met.
display  D   display_settings.c:212  debug_display_settings           [   0.03330] color: 16 (rgba 5650), depth: 24, stencil: 8, acc: 0000, samples: 2/1
display  D   display_settings.c:398  _al_score_display_settings       [   0.03332] Single Buffer requirement not met.
display  D   display_settings.c:212  debug_display_settings           [   0.03333] color: 16 (rgba 5650), depth: 24, stencil: 8, acc: 0000, samples: 3/1
display  D   display_settings.c:398  _al_score_display_settings       [   0.03335] Single Buffer requirement not met.
display  D   display_settings.c:212  debug_display_settings           [   0.03336] color: 16 (rgba 5650), depth: 24, stencil: 8, acc: 0000, samples: 4/1
display  D   display_settings.c:398  _al_score_display_settings       [   0.03337] Single Buffer requirement not met.
display  D   display_settings.c:212  debug_display_settings           [   0.03339] color: 16 (rgba 5650), depth: 24, stencil: 8, acc: 0000, samples: 5/1
display  D   display_settings.c:398  _al_score_display_settings       [   0.03340] Single Buffer requirement not met.
display  D   display_settings.c:212  debug_display_settings           [   0.03342] color: 16 (rgba 5650), depth: 24, stencil: 8, acc: 0000, samples: 6/1
display  D   display_settings.c:398  _al_score_display_settings       [   0.03343] Single Buffer requirement not met.
display  D   display_settings.c:212  debug_display_settings           [   0.03344] color: 16 (rgba 5650), depth: 24, stencil: 8, acc: 0000, samples: 7/1
display  D   display_settings.c:398  _al_score_display_settings       [   0.03346] Single Buffer requirement not met.
display  D   display_settings.c:212  debug_display_settings           [   0.03347] color: 16 (rgba 5650), depth: 24, stencil: 8, acc: 0000, samples: 8/1
display  D   display_settings.c:398  _al_score_display_settings       [   0.03349] Single Buffer requirement not met.
display  D   display_settings.c:212  debug_display_settings           [   0.03350] color: 16 (rgba 5650), depth: 24, stencil: 0, acc: 0000, samples: 0/0
display  D   display_settings.c:398  _al_score_display_settings       [   0.03351] Single Buffer requirement not met.
display  D   display_settings.c:212  debug_display_settings           [   0.03353] color: 16 (rgba 5650), depth: 24, stencil: 0, acc: 0000, samples: 0/0
display  D   display_settings.c:398  _al_score_display_settings       [   0.03354] Single Buffer requirement not met.
display  D   display_settings.c:212  debug_display_settings           [   0.03356] color: 16 (rgba 5650), depth: 24, stencil: 0, acc: 0000, samples: 2/1
display  D   display_settings.c:398  _al_score_display_settings       [   0.03357] Single Buffer requirement not met.
display  D   display_settings.c:212  debug_display_settings           [   0.03358] color: 16 (rgba 5650), depth: 24, stencil: 0, acc: 0000, samples: 3/1
display  D   display_settings.c:398  _al_score_display_settings       [   0.03360] Single Buffer requirement not met.
display  D   display_settings.c:212  debug_display_settings           [   0.03361] color: 16 (rgba 5650), depth: 24, stencil: 0, acc: 0000, samples: 4/1
display  D   display_settings.c:398  _al_score_display_settings       [   0.03363] Single Buffer requirement not met.
display  D   display_settings.c:212  debug_display_settings           [   0.03364] color: 16 (rgba 5650), depth: 24, stencil: 0, acc: 0000, samples: 5/1
display  D   display_settings.c:398  _al_score_display_settings       [   0.03366] Single Buffer requirement not met.
display  D   display_settings.c:212  debug_display_settings           [   0.03367] color: 16 (rgba 5650), depth: 24, stencil: 0, acc: 0000, samples: 6/1
display  D   display_settings.c:398  _al_score_display_settings       [   0.03369] Single Buffer requirement not met.
display  D   display_settings.c:212  debug_display_settings           [   0.03370] color: 16 (rgba 5650), depth: 24, stencil: 0, acc: 0000, samples: 7/1
display  D   display_settings.c:398  _al_score_display_settings       [   0.03371] Single Buffer requirement not met.
display  D   display_settings.c:212  debug_display_settings           [   0.03373] color: 16 (rgba 5650), depth: 24, stencil: 0, acc: 0000, samples: 8/1
display  D   display_settings.c:398  _al_score_display_settings       [   0.03374] Single Buffer requirement not met.
display  D   display_settings.c:212  debug_display_settings           [   0.03376] color: 16 (rgba 5650), depth: 16, stencil: 0, acc: 0000, samples: 0/0
display  D   display_settings.c:398  _al_score_display_settings       [   0.03377] Single Buffer requirement not met.
display  D   display_settings.c:212  debug_display_settings           [   0.03378] color: 16 (rgba 5650), depth: 16, stencil: 0, acc: 0000, samples: 0/0
display  D   display_settings.c:398  _al_score_display_settings       [   0.03380] Single Buffer requirement not met.
display  D   display_settings.c:212  debug_display_settings           [   0.03381] color: 16 (rgba 5650), depth: 16, stencil: 0, acc: 0000, samples: 2/1
display  D   display_settings.c:398  _al_score_display_settings       [   0.03383] Single Buffer requirement not met.
display  D   display_settings.c:212  debug_display_settings           [   0.03384] color: 16 (rgba 5650), depth: 16, stencil: 0, acc: 0000, samples: 3/1
display  D   display_settings.c:398  _al_score_display_settings       [   0.03386] Single Buffer requirement not met.
display  D   display_settings.c:212  debug_display_settings           [   0.03387] color: 16 (rgba 5650), depth: 16, stencil: 0, acc: 0000, samples: 4/1
display  D   display_settings.c:398  _al_score_display_settings       [   0.03388] Single Buffer requirement not met.
display  D   display_settings.c:212  debug_display_settings           [   0.03390] color: 16 (rgba 5650), depth: 16, stencil: 0, acc: 0000, samples: 5/1
display  D   display_settings.c:398  _al_score_display_settings       [   0.03391] Single Buffer requirement not met.
display  D   display_settings.c:212  debug_display_settings           [   0.03393] color: 16 (rgba 5650), depth: 16, stencil: 0, acc: 0000, samples: 6/1
display  D   display_settings.c:398  _al_score_display_settings       [   0.03394] Single Buffer requirement not met.
display  D   display_settings.c:212  debug_display_settings           [   0.03395] color: 16 (rgba 5650), depth: 16, stencil: 0, acc: 0000, samples: 7/1
display  D   display_settings.c:398  _al_score_display_settings       [   0.03397] Single Buffer requirement not met.
display  D   display_settings.c:212  debug_display_settings           [   0.03398] color: 16 (rgba 5650), depth: 16, stencil: 0, acc: 0000, samples: 8/1
display  D   display_settings.c:398  _al_score_display_settings       [   0.03400] Single Buffer requirement not met.
d3d      D         d3d_disp.cpp:1682 d3d_create_display_internals     [   0.03404] Trying format 0.
d3d      I         d3d_disp.cpp:1358 d3d_display_thread_proc          [   0.03431] Chose a display format: 23
d3d      I         d3d_disp.cpp:1427 d3d_display_thread_proc          [   0.03434] Normal window.
d3d      I         d3d_disp.cpp:791  d3d_create_device                [   0.05475] Using no depth stencil buffer
d3d      D         d3d_disp.cpp:853  d3d_create_device                [   0.08411] BeginScene succeeded in create_device
d3d      D         d3d_disp.cpp:861  d3d_create_device                [   0.08415] Success
d3d      D         d3d_disp.cpp:1705 d3d_create_display_internals     [   0.08423] Resumed after wait.
d3d      I         d3d_disp.cpp:1738 d3d_create_display_internals     [   0.08428] Format 0 succeeded.
d3d      D         d3d_disp.cpp:1769 d3d_create_display_internals     [   0.08431] Returning d3d_display: 0000000000d888b0
d3d      D         d3d_disp.cpp:1794 d3d_create_display_locked        [   0.08433] al_display=0000000000d888b0
d3d      D         d3d_disp.cpp:1795 d3d_create_display_locked        [   0.08434] al_display->vt=0000000000d88740
system   D            wsystem.c:874  _al_win_safe_load_library        [   0.08454] PathFindOnPath found: C:\WINDOWS\system32\d3dx9_43.dll
system   D            wsystem.c:780  load_library_at_path             [   0.08456] Calling LoadLibrary C:\WINDOWS\system32\d3dx9_43.dll
system   I            wsystem.c:783  load_library_at_path             [   0.08508] Loaded C:\WINDOWS\system32\d3dx9_43.dll
d3dx9    I        d3d_d3dx9.cpp:88   _imp_load_d3dx9_module_version   [   0.08512] Module "d3dx9_43.dll" loaded.
stdio    D         file_stdio.c:110  file_stdio_fopen                 [   0.08516] opening brickbg.png rb
stdio    D         file_stdio.c:110  file_stdio_fopen                 [   0.08527] opening brickbg.png rb
d3d      D         d3d_disp.cpp:1202 real_choose_bitmap_format        [   0.08539] Fake format
d3d      D         d3d_disp.cpp:1202 real_choose_bitmap_format        [   0.08540] Fake format
d3d      D         d3d_disp.cpp:1202 real_choose_bitmap_format        [   0.08542] Fake format
d3d      D         d3d_disp.cpp:1202 real_choose_bitmap_format        [   0.08543] Fake format
d3d      D         d3d_disp.cpp:1202 real_choose_bitmap_format        [   0.08544] Fake format
d3d      D         d3d_disp.cpp:1202 real_choose_bitmap_format        [   0.08546] Fake format
d3d      D         d3d_disp.cpp:1202 real_choose_bitmap_format        [   0.08547] Fake format
d3d      D         d3d_disp.cpp:1202 real_choose_bitmap_format        [   0.08548] Fake format
d3d      D         d3d_disp.cpp:1202 real_choose_bitmap_format        [   0.08550] Fake format
d3d      D         d3d_disp.cpp:1210 real_choose_bitmap_format        [   0.08551] Alpha doesn't match
d3d      D         d3d_disp.cpp:1217 real_choose_bitmap_format        [   0.08552] Adapter format is 23
d3d      D         d3d_disp.cpp:1220 real_choose_bitmap_format        [   0.08554] Found a format
d3d      I         d3d_disp.cpp:2391 d3d_create_bitmap                [   0.08555] Chose bitmap format 9
dtor     D               dtor.c:196  _al_register_destructor          [   0.08577] added dtor for bitmap 0000000002634300, func 00007ffe9b7d1bea
stdio    D         file_stdio.c:110  file_stdio_fopen                 [   0.08636] opening pill.png rb
stdio    D         file_stdio.c:110  file_stdio_fopen                 [   0.08648] opening pill.png rb
d3d      D         d3d_disp.cpp:1202 real_choose_bitmap_format        [   0.08655] Fake format
d3d      D         d3d_disp.cpp:1202 real_choose_bitmap_format        [   0.08657] Fake format
d3d      D         d3d_disp.cpp:1202 real_choose_bitmap_format        [   0.08659] Fake format
d3d      D         d3d_disp.cpp:1202 real_choose_bitmap_format        [   0.08660] Fake format
d3d      D         d3d_disp.cpp:1202 real_choose_bitmap_format        [   0.08662] Fake format
d3d      D         d3d_disp.cpp:1202 real_choose_bitmap_format        [   0.08664] Fake format
d3d      D         d3d_disp.cpp:1202 real_choose_bitmap_format        [   0.08666] Fake format
d3d      D         d3d_disp.cpp:1202 real_choose_bitmap_format        [   0.08667] Fake format
d3d      D         d3d_disp.cpp:1202 real_choose_bitmap_format        [   0.08669] Fake format
d3d      D         d3d_disp.cpp:1210 real_choose_bitmap_format        [   0.08670] Alpha doesn't match
d3d      D         d3d_disp.cpp:1217 real_choose_bitmap_format        [   0.08671] Adapter format is 23
d3d      D         d3d_disp.cpp:1220 real_choose_bitmap_format        [   0.08673] Found a format
d3d      I         d3d_disp.cpp:2391 d3d_create_bitmap                [   0.08674] Chose bitmap format 9
dtor     D               dtor.c:196  _al_register_destructor          [   0.08691] added dtor for bitmap 00000000026352d0, func 00007ffe9b7d1bea
d3d      D          d3d_bmp.cpp:539  _al_d3d_sync_bitmap              [   0.09411] _al_d3d_sync_bitmap (system) ref count == 1
d3d      D          d3d_bmp.cpp:545  _al_d3d_sync_bitmap              [   0.09415] _al_d3d_sync_bitmap (video) ref count == 1
d3d      D          d3d_bmp.cpp:539  _al_d3d_sync_bitmap              [   0.09446] _al_d3d_sync_bitmap (system) ref count == 1
d3d      D          d3d_bmp.cpp:545  _al_d3d_sync_bitmap              [   0.09448] _al_d3d_sync_bitmap (video) ref count == 1
d3d      I         d3d_disp.cpp:915  d3d_destroy_display              [  30.09553] destroying display 0000000000d888b0 (current 0000000000000000)
bitmap   D        bitmap_type.c:308  _al_convert_to_memory_bitmap     [  30.09865] converting display bitmap 00000000026352d0 to memory bitmap
dtor     D               dtor.c:196  _al_register_destructor          [  30.09879] added dtor for bitmap 00000000026366a0, func 00007ffe9b7d1bea
d3d      D          d3d_bmp.cpp:539  _al_d3d_sync_bitmap              [  30.09978] _al_d3d_sync_bitmap (system) ref count == 1
d3d      D          d3d_bmp.cpp:545  _al_d3d_sync_bitmap              [  30.09992] _al_d3d_sync_bitmap (video) ref count == 1
dtor     D               dtor.c:227  _al_unregister_destructor        [  30.10002] removed dtor for bitmap 00000000026366a0
bitmap   D        bitmap_type.c:308  _al_convert_to_memory_bitmap     [  30.10083] converting display bitmap 0000000002634300 to memory bitmap
dtor     D               dtor.c:196  _al_register_destructor          [  30.10097] added dtor for bitmap 00000000026366a0, func 00007ffe9b7d1bea
d3d      D          d3d_bmp.cpp:539  _al_d3d_sync_bitmap              [  30.10180] _al_d3d_sync_bitmap (system) ref count == 1
d3d      D          d3d_bmp.cpp:545  _al_d3d_sync_bitmap              [  30.10193] _al_d3d_sync_bitmap (video) ref count == 1
dtor     D               dtor.c:227  _al_unregister_destructor        [  30.10204] removed dtor for bitmap 00000000026366a0
d3d      D         d3d_disp.cpp:899  d3d_destroy_display_internals    [  30.10269] waiting for display 0000000000d888b0's thread to end
d3d      W         d3d_disp.cpp:608  d3d_destroy_device               [  30.12287] d3d_destroy_device: ref count not 0
d3d      I         d3d_disp.cpp:1562 d3d_display_thread_proc          [  30.13154] d3d display thread exits
dtor     D               dtor.c:227  _al_unregister_destructor        [  30.13238] removed dtor for bitmap 0000000002634300
dtor     D               dtor.c:227  _al_unregister_destructor        [  30.13242] removed dtor for bitmap 00000000026352d0
